<?xml version="1.0" encoding="UTF-8"?>
<!-- Generated by org.testng.reporters.JUnitXMLReporter -->
<testsuite ignored="4" hostname="Naomi" failures="0" tests="1" name="Default test" time="8.938" errors="0" timestamp="2023-05-03T22:14:02 CDT">
  <testcase classname="com.acti.testcase.LoginPageTests" name="testLoginFunction" time="2.7"/>
  <testcase classname="com.acti.testcase.LoginPageTests" name="testActiImgDisplayed" time="0.0">
    <ignored/>
  </testcase> <!-- testActiImgDisplayed -->
  <testcase classname="com.acti.testcase.LoginPageTests" name="testForgotPasswordDisplayed" time="0.0">
    <ignored/>
  </testcase> <!-- testForgotPasswordDisplayed -->
  <testcase classname="com.acti.testcase.LoginPageTests" name="testLoginPageTitle" time="0.0">
    <ignored/>
  </testcase> <!-- testLoginPageTitle -->
  <testcase classname="com.acti.testcase.LoginPageTests" name="testLoginInvaliCredientials" time="0.0">
    <ignored/>
  </testcase> <!-- testLoginInvaliCredientials -->
</testsuite> <!-- Default test -->
