<?xml version="1.0" encoding="UTF-8"?>
<!-- Generated by org.testng.reporters.JUnitXMLReporter -->
<testsuite ignored="0" hostname="Naomi" failures="0" tests="5" name="Default test" time="27.031" errors="0" timestamp="2023-04-29T19:14:14 CDT">
  <testcase classname="com.acti.testcase.LoginPageTests" name="testActiImgDisplayed" time="0.078"/>
  <testcase classname="com.acti.testcase.LoginPageTests" name="testForgotPasswordDisplayed" time="0.238"/>
  <testcase classname="com.acti.testcase.LoginPageTests" name="testLoginFunction" time="0.245"/>
  <testcase classname="com.acti.testcase.LoginPageTests" name="testLoginInvaliCredientials" time="3.219"/>
  <testcase classname="com.acti.testcase.LoginPageTests" name="testLoginPageTitle" time="0.007"/>
</testsuite> <!-- Default test -->
