<?xml version="1.0" encoding="UTF-8"?>
<testng-results ignored="4" total="5" passed="1" failed="0" skipped="0">
  <reporter-output>
  </reporter-output>
  <suite started-at="2023-05-03T22:13:53 CDT" name="Default suite" finished-at="2023-05-03T22:14:01 CDT" duration-ms="8938">
    <groups>
    </groups>
    <test started-at="2023-05-03T22:13:53 CDT" name="Default test" finished-at="2023-05-03T22:14:01 CDT" duration-ms="8938">
      <class name="com.acti.testcase.LoginPageTests">
        <test-method is-config="true" signature="preTest()[pri:0, instance:com.acti.testcase.LoginPageTests@5b03b9fe]" started-at="2023-05-03T22:13:53 CDT" name="preTest" finished-at="2023-05-03T22:13:59 CDT" duration-ms="6010" status="PASS">
          <reporter-output>
          </reporter-output>
        </test-method> <!-- preTest -->
        <test-method signature="testLoginFunction()[pri:0, instance:com.acti.testcase.LoginPageTests@5b03b9fe]" started-at="2023-05-03T22:13:59 CDT" name="testLoginFunction" finished-at="2023-05-03T22:14:01 CDT" duration-ms="2700" status="PASS">
          <reporter-output>
          </reporter-output>
        </test-method> <!-- testLoginFunction -->
        <test-method is-config="true" signature="tearDown()[pri:0, instance:com.acti.testcase.LoginPageTests@5b03b9fe]" started-at="2023-05-03T22:14:01 CDT" name="tearDown" finished-at="2023-05-03T22:14:01 CDT" duration-ms="181" status="PASS">
          <reporter-output>
          </reporter-output>
        </test-method> <!-- tearDown -->
      </class> <!-- com.acti.testcase.LoginPageTests -->
    </test> <!-- Default test -->
  </suite> <!-- Default suite -->
</testng-results>
