<?xml version="1.0" encoding="UTF-8"?>
<testng-results ignored="0" total="5" passed="5" failed="0" skipped="0">
  <reporter-output>
  </reporter-output>
  <suite started-at="2023-04-29T19:13:47 CDT" name="Default suite" finished-at="2023-04-29T19:14:14 CDT" duration-ms="27031">
    <groups>
    </groups>
    <test started-at="2023-04-29T19:13:47 CDT" name="Default test" finished-at="2023-04-29T19:14:14 CDT" duration-ms="27031">
      <class name="com.acti.testcase.LoginPageTests">
        <test-method is-config="true" signature="preTest()[pri:0, instance:com.acti.testcase.LoginPageTests@5b03b9fe]" started-at="2023-04-29T19:13:47 CDT" name="preTest" finished-at="2023-04-29T19:13:52 CDT" duration-ms="5013" status="PASS">
          <reporter-output>
          </reporter-output>
        </test-method> <!-- preTest -->
        <test-method signature="testActiImgDisplayed()[pri:0, instance:com.acti.testcase.LoginPageTests@5b03b9fe]" started-at="2023-04-29T19:13:52 CDT" name="testActiImgDisplayed" finished-at="2023-04-29T19:13:52 CDT" duration-ms="78" status="PASS">
          <reporter-output>
          </reporter-output>
        </test-method> <!-- testActiImgDisplayed -->
        <test-method is-config="true" signature="tearDown()[pri:0, instance:com.acti.testcase.LoginPageTests@5b03b9fe]" started-at="2023-04-29T19:13:52 CDT" name="tearDown" finished-at="2023-04-29T19:13:52 CDT" duration-ms="184" status="PASS">
          <reporter-output>
          </reporter-output>
        </test-method> <!-- tearDown -->
        <test-method is-config="true" signature="preTest()[pri:0, instance:com.acti.testcase.LoginPageTests@5b03b9fe]" started-at="2023-04-29T19:13:52 CDT" name="preTest" finished-at="2023-04-29T19:13:56 CDT" duration-ms="4096" status="PASS">
          <reporter-output>
          </reporter-output>
        </test-method> <!-- preTest -->
        <test-method signature="testForgotPasswordDisplayed()[pri:0, instance:com.acti.testcase.LoginPageTests@5b03b9fe]" started-at="2023-04-29T19:13:56 CDT" name="testForgotPasswordDisplayed" finished-at="2023-04-29T19:13:56 CDT" duration-ms="238" status="PASS">
          <reporter-output>
          </reporter-output>
        </test-method> <!-- testForgotPasswordDisplayed -->
        <test-method is-config="true" signature="tearDown()[pri:0, instance:com.acti.testcase.LoginPageTests@5b03b9fe]" started-at="2023-04-29T19:13:56 CDT" name="tearDown" finished-at="2023-04-29T19:13:56 CDT" duration-ms="1" status="PASS">
          <reporter-output>
          </reporter-output>
        </test-method> <!-- tearDown -->
        <test-method is-config="true" signature="preTest()[pri:0, instance:com.acti.testcase.LoginPageTests@5b03b9fe]" started-at="2023-04-29T19:13:56 CDT" name="preTest" finished-at="2023-04-29T19:14:01 CDT" duration-ms="4549" status="PASS">
          <reporter-output>
          </reporter-output>
        </test-method> <!-- preTest -->
        <test-method signature="testLoginFunction()[pri:0, instance:com.acti.testcase.LoginPageTests@5b03b9fe]" started-at="2023-04-29T19:14:01 CDT" name="testLoginFunction" finished-at="2023-04-29T19:14:01 CDT" duration-ms="245" status="PASS">
          <reporter-output>
          </reporter-output>
        </test-method> <!-- testLoginFunction -->
        <test-method is-config="true" signature="tearDown()[pri:0, instance:com.acti.testcase.LoginPageTests@5b03b9fe]" started-at="2023-04-29T19:14:01 CDT" name="tearDown" finished-at="2023-04-29T19:14:01 CDT" duration-ms="203" status="PASS">
          <reporter-output>
          </reporter-output>
        </test-method> <!-- tearDown -->
        <test-method is-config="true" signature="preTest()[pri:0, instance:com.acti.testcase.LoginPageTests@5b03b9fe]" started-at="2023-04-29T19:14:01 CDT" name="preTest" finished-at="2023-04-29T19:14:06 CDT" duration-ms="4460" status="PASS">
          <reporter-output>
          </reporter-output>
        </test-method> <!-- preTest -->
        <test-method signature="testLoginInvaliCredientials()[pri:0, instance:com.acti.testcase.LoginPageTests@5b03b9fe]" started-at="2023-04-29T19:14:06 CDT" name="testLoginInvaliCredientials" finished-at="2023-04-29T19:14:09 CDT" duration-ms="3219" status="PASS">
          <reporter-output>
          </reporter-output>
        </test-method> <!-- testLoginInvaliCredientials -->
        <test-method is-config="true" signature="tearDown()[pri:0, instance:com.acti.testcase.LoginPageTests@5b03b9fe]" started-at="2023-04-29T19:14:09 CDT" name="tearDown" finished-at="2023-04-29T19:14:09 CDT" duration-ms="191" status="PASS">
          <reporter-output>
          </reporter-output>
        </test-method> <!-- tearDown -->
        <test-method is-config="true" signature="preTest()[pri:0, instance:com.acti.testcase.LoginPageTests@5b03b9fe]" started-at="2023-04-29T19:14:09 CDT" name="preTest" finished-at="2023-04-29T19:14:14 CDT" duration-ms="4357" status="PASS">
          <reporter-output>
          </reporter-output>
        </test-method> <!-- preTest -->
        <test-method signature="testLoginPageTitle()[pri:0, instance:com.acti.testcase.LoginPageTests@5b03b9fe]" started-at="2023-04-29T19:14:14 CDT" name="testLoginPageTitle" finished-at="2023-04-29T19:14:14 CDT" duration-ms="7" status="PASS">
          <reporter-output>
          </reporter-output>
        </test-method> <!-- testLoginPageTitle -->
        <test-method is-config="true" signature="tearDown()[pri:0, instance:com.acti.testcase.LoginPageTests@5b03b9fe]" started-at="2023-04-29T19:14:14 CDT" name="tearDown" finished-at="2023-04-29T19:14:14 CDT" duration-ms="134" status="PASS">
          <reporter-output>
          </reporter-output>
        </test-method> <!-- tearDown -->
      </class> <!-- com.acti.testcase.LoginPageTests -->
    </test> <!-- Default test -->
  </suite> <!-- Default suite -->
</testng-results>
